Build started 1/28/2012 6:07:50 PM.
     1>Project "C:\Users\Eva\documents\visual studio 2010\Projects\EvaCV\EvaCV\EvaCV.vcxproj" on node 2 (build target(s)).
     1>InitializeBuildStatus:
         Creating "Debug\EvaCV.unsuccessfulbuild" because "AlwaysCreate" was specified.
       ClCompile:
         C:\Program Files (x86)\Microsoft Visual Studio 10.0\VC\bin\CL.exe /c /ZI /nologo /W3 /WX- /Od /Oy- /D WIN32 /D _DEBUG /D _CONSOLE /D _UNICODE /D UNICODE /Gm /EHsc /RTC1 /MDd /GS /fp:precise /Zc:wchar_t /Zc:forScope /Fo"Debug\\" /Fd"Debug\vc100.pdb" /Gd /TP /analyze- /errorReport:prompt main.cpp
         main.cpp
     1>c:\users\eva\documents\visual studio 2010\projects\evacv\evacv\main.cpp(38): warning C4244: '=' : conversion from 'double' to 'char', possible loss of data
     1>c:\users\eva\documents\visual studio 2010\projects\evacv\evacv\main.cpp(40): warning C4552: '+' : operator has no effect; expected operator with side-effect
       ManifestResourceCompile:
         All outputs are up-to-date.
       Link:
         C:\Program Files (x86)\Microsoft Visual Studio 10.0\VC\bin\link.exe /ERRORREPORT:PROMPT /OUT:"C:\Users\Eva\documents\visual studio 2010\Projects\EvaCV\Debug\EvaCV.exe" /INCREMENTAL /NOLOGO opencv_calib3d231.lib opencv_contrib231.lib opencv_core231.lib opencv_features2d231.lib opencv_flann231.lib opencv_gpu231.lib opencv_haartraining_engine.lib opencv_highgui231.lib opencv_imgproc231.lib opencv_legacy231.lib opencv_ml231.lib opencv_objdetect231.lib opencv_ts231.lib opencv_video231.lib kernel32.lib user32.lib gdi32.lib winspool.lib comdlg32.lib advapi32.lib shell32.lib ole32.lib oleaut32.lib uuid.lib odbc32.lib odbccp32.lib /MANIFEST /ManifestFile:"Debug\EvaCV.exe.intermediate.manifest" /MANIFESTUAC:"level='asInvoker' uiAccess='false'" /DEBUG /PDB:"C:\Users\Eva\documents\visual studio 2010\Projects\EvaCV\Debug\EvaCV.pdb" /SUBSYSTEM:CONSOLE /TLBID:1 /DYNAMICBASE /NXCOMPAT /IMPLIB:"C:\Users\Eva\documents\visual studio 2010\Projects\EvaCV\Debug\EvaCV.lib" /MACHINE:X86 Debug\EvaCV.exe.embed.manifest.res
         Debug\main.obj
       Manifest:
         C:\Program Files (x86)\Microsoft SDKs\Windows\v7.0A\bin\mt.exe /nologo /verbose /out:"Debug\EvaCV.exe.embed.manifest" /manifest Debug\EvaCV.exe.intermediate.manifest
         All outputs are up-to-date.
       LinkEmbedManifest:
         All outputs are up-to-date.
         EvaCV.vcxproj -> C:\Users\Eva\documents\visual studio 2010\Projects\EvaCV\Debug\EvaCV.exe
       FinalizeBuildStatus:
         Deleting file "Debug\EvaCV.unsuccessfulbuild".
         Touching "Debug\EvaCV.lastbuildstate".
     1>Done Building Project "C:\Users\Eva\documents\visual studio 2010\Projects\EvaCV\EvaCV\EvaCV.vcxproj" (build target(s)).

Build succeeded.

Time Elapsed 00:00:01.43
